<?xml version="1.0" encoding="UTF-8"?>
<testng-results ignored="0" total="1" passed="1" failed="0" skipped="0">
  <reporter-output>
  </reporter-output>
  <suite started-at="2023-05-24T21:11:58 IST" name="Default suite" finished-at="2023-05-24T21:11:58 IST" duration-ms="77">
    <groups>
    </groups>
    <test started-at="2023-05-24T21:11:58 IST" name="Default test" finished-at="2023-05-24T21:11:58 IST" duration-ms="77">
      <class name="Section_2.prog">
        <test-method signature="m()[pri:0, instance:Section_2.prog@6c779568]" started-at="2023-05-24T21:11:58 IST" name="m" finished-at="2023-05-24T21:11:58 IST" duration-ms="18" status="PASS">
          <reporter-output>
          </reporter-output>
        </test-method> <!-- m -->
      </class> <!-- Section_2.prog -->
    </test> <!-- Default test -->
  </suite> <!-- Default suite -->
</testng-results>
